TN:
SF:src\Game.jsx
FN:4,(anonymous_0)
FN:16,(anonymous_1)
FN:47,(anonymous_2)
FN:57,(anonymous_3)
FN:63,(anonymous_4)
FN:64,(anonymous_5)
FN:65,(anonymous_6)
FNF:7
FNH:4
FNDA:23,(anonymous_0)
FNDA:21,(anonymous_1)
FNDA:0,(anonymous_2)
FNDA:44,(anonymous_3)
FNDA:0,(anonymous_4)
FNDA:0,(anonymous_5)
FNDA:21,(anonymous_6)
DA:5,23
DA:6,23
DA:16,23
DA:17,21
DA:19,21
DA:20,21
DA:23,21
DA:24,9
DA:25,9
DA:27,12
DA:28,12
DA:29,0
DA:32,21
DA:38,21
DA:39,9
DA:47,23
DA:48,0
DA:58,44
DA:59,44
DA:63,0
DA:64,0
DA:65,21
LF:22
LH:18
BRDA:19,0,0,21
BRDA:19,0,1,0
BRDA:23,1,0,9
BRDA:23,1,1,12
BRDA:28,2,0,0
BRDA:28,2,1,12
BRDA:38,3,0,9
BRDA:38,3,1,12
BRDA:67,4,0,9
BRDA:67,4,1,35
BRDA:68,5,0,44
BRDA:68,5,1,9
BRF:12
BRH:10
end_of_record
TN:
SF:src\index.jsx
FN:6,(anonymous_0)
FNF:1
FNH:0
FNDA:0,(anonymous_0)
DA:6,0
DA:7,0
DA:11,0
LF:3
LH:0
BRF:0
BRH:0
end_of_record
